<?xml version="1.0" encoding="UTF-8"?>
<testng-results ignored="0" total="1" passed="1" failed="0" skipped="0">
  <reporter-output>
  </reporter-output>
  <suite started-at="2023-02-23T11:16:06Z" name="Default suite" finished-at="2023-02-23T11:16:17Z" duration-ms="11251">
    <groups>
    </groups>
    <test started-at="2023-02-23T11:16:06Z" name="Default test" finished-at="2023-02-23T11:16:17Z" duration-ms="11251">
      <class name="testcase.export">
        <test-method is-config="true" signature="main()[pri:0, instance:testcase.export@476ec9d0]" started-at="2023-02-23T11:15:56Z" name="main" finished-at="2023-02-23T11:16:06Z" duration-ms="10271" status="PASS">
          <reporter-output>
          </reporter-output>
        </test-method> <!-- main -->
        <test-method signature="first()[pri:0, instance:testcase.export@476ec9d0]" started-at="2023-02-23T11:16:06Z" name="first" finished-at="2023-02-23T11:16:17Z" duration-ms="11232" status="PASS">
          <reporter-output>
          </reporter-output>
        </test-method> <!-- first -->
        <test-method is-config="true" signature="close()[pri:0, instance:testcase.export@476ec9d0]" started-at="2023-02-23T11:16:17Z" name="close" finished-at="2023-02-23T11:16:18Z" duration-ms="317" status="PASS">
          <reporter-output>
          </reporter-output>
        </test-method> <!-- close -->
      </class> <!-- testcase.export -->
    </test> <!-- Default test -->
  </suite> <!-- Default suite -->
</testng-results>
