<?xml version="1.0" encoding="UTF-8"?>
<testng-results ignored="0" total="1" passed="1" failed="0" skipped="0">
  <reporter-output>
  </reporter-output>
  <suite started-at="2023-02-20T07:18:31Z" name="Default suite" finished-at="2023-02-20T07:19:10Z" duration-ms="39395">
    <groups>
    </groups>
    <test started-at="2023-02-20T07:18:31Z" name="Default test" finished-at="2023-02-20T07:19:10Z" duration-ms="39395">
      <class name="testcase.newtestcase">
        <test-method is-config="true" signature="main()[pri:0, instance:testcase.newtestcase@29f0c4f2]" started-at="2023-02-20T07:18:21Z" name="main" finished-at="2023-02-20T07:18:31Z" duration-ms="10543" status="PASS">
          <reporter-output>
          </reporter-output>
        </test-method> <!-- main -->
        <test-method signature="addSbu()[pri:0, instance:testcase.newtestcase@29f0c4f2]" started-at="2023-02-20T07:18:31Z" name="addSbu" finished-at="2023-02-20T07:19:10Z" duration-ms="39330" status="PASS">
          <reporter-output>
          </reporter-output>
        </test-method> <!-- addSbu -->
        <test-method is-config="true" signature="close()[pri:0, instance:testcase.newtestcase@29f0c4f2]" started-at="2023-02-20T07:19:11Z" name="close" finished-at="2023-02-20T07:19:11Z" duration-ms="868" status="PASS">
          <reporter-output>
          </reporter-output>
        </test-method> <!-- close -->
      </class> <!-- testcase.newtestcase -->
    </test> <!-- Default test -->
  </suite> <!-- Default suite -->
</testng-results>
